alpha 0.0
[0.7133983969688416, 0.7368146181106567, 0.7599010467529297, 0.7726535797119141, 0.7852686643600464]
[0.6729686856269836, 0.7250756621360779, 0.7502114772796631, 0.7675479054450989, 0.7789660692214966]
 17%|██████████████▌                                                                        | 1/6 [02:25<12:07, 145.57s/it]Epoch 1/5
160/160 [==============================] - 30s 183ms/step - loss: 8.2225 - accuracy: 0.6842 - val_loss: 7.0937 - val_accuracy: 0.7221
Epoch 2/5
160/160 [==============================] - 28s 175ms/step - loss: 6.7990 - accuracy: 0.7307 - val_loss: 6.3806 - val_accuracy: 0.7356
Epoch 3/5
160/160 [==============================] - 28s 176ms/step - loss: 6.0617 - accuracy: 0.7535 - val_loss: 5.9045 - val_accuracy: 0.7534
Epoch 4/5
160/160 [==============================] - 28s 176ms/step - loss: 5.6540 - accuracy: 0.7674 - val_loss: 5.5145 - val_accuracy: 0.7672
Epoch 5/5
160/160 [==============================] - 29s 183ms/step - loss: 5.3135 - accuracy: 0.7795 - val_loss: 5.2291 - val_accuracy: 0.7803
alpha 0.2
[0.7221107482910156, 0.7356328368186951, 0.7534148693084717, 0.7671842575073242, 0.7803490161895752]
[0.6841883659362793, 0.7307160496711731, 0.7534576654434204, 0.7674440741539001, 0.7795248627662659]
 33%|█████████████████████████████                                                          | 2/6 [05:51<12:04, 181.02s/it]Epoch 1/5
160/160 [==============================] - 29s 182ms/step - loss: 6.4070 - accuracy: 0.6839 - val_loss: 5.6341 - val_accuracy: 0.7223
Epoch 2/5
160/160 [==============================] - 28s 177ms/step - loss: 5.3478 - accuracy: 0.7298 - val_loss: 5.0957 - val_accuracy: 0.7421
Epoch 3/5
160/160 [==============================] - 28s 176ms/step - loss: 4.7786 - accuracy: 0.7539 - val_loss: 4.6217 - val_accuracy: 0.7607
Epoch 4/5
160/160 [==============================] - 28s 176ms/step - loss: 4.3989 - accuracy: 0.7697 - val_loss: 4.3110 - val_accuracy: 0.7719
Epoch 5/5
160/160 [==============================] - 28s 176ms/step - loss: 4.1561 - accuracy: 0.7806 - val_loss: 4.1194 - val_accuracy: 0.7808
alpha 0.4
[0.7222756743431091, 0.7421190142631531, 0.7607255578041077, 0.7719115018844604, 0.7807613015174866]
[0.6838554739952087, 0.7298182249069214, 0.7538668513298035, 0.7696946859359741, 0.7806487083435059]
 50%|███████████████████████████████████████████▌                                           | 3/6 [09:18<09:38, 192.89s/it]Epoch 1/5
160/160 [==============================] - 30s 180ms/step - loss: 4.5636 - accuracy: 0.6857 - val_loss: 3.9862 - val_accuracy: 0.7210
Epoch 2/5
160/160 [==============================] - 28s 177ms/step - loss: 3.8160 - accuracy: 0.7321 - val_loss: 3.6161 - val_accuracy: 0.7438
Epoch 3/5
160/160 [==============================] - 29s 180ms/step - loss: 3.4569 - accuracy: 0.7531 - val_loss: 3.2576 - val_accuracy: 0.7635
Epoch 4/5
160/160 [==============================] - 29s 181ms/step - loss: 3.1813 - accuracy: 0.7697 - val_loss: 3.0608 - val_accuracy: 0.7783
Epoch 5/5
160/160 [==============================] - 28s 176ms/step - loss: 3.0029 - accuracy: 0.7808 - val_loss: 2.9870 - val_accuracy: 0.7822
alpha 0.6
[0.7209839224815369, 0.7438229918479919, 0.7635014653205872, 0.7782602906227112, 0.7821629643440247]
[0.6857427358627319, 0.7321085333824158, 0.7531492114067078, 0.7697497010231018, 0.7808135747909546]
 67%|██████████████████████████████████████████████████████████                             | 4/6 [12:45<06:36, 198.45s/it]Epoch 1/5
160/160 [==============================] - 29s 181ms/step - loss: 2.6821 - accuracy: 0.6872 - val_loss: 2.4043 - val_accuracy: 0.7215
Epoch 2/5
160/160 [==============================] - 28s 176ms/step - loss: 2.2675 - accuracy: 0.7341 - val_loss: 2.1039 - val_accuracy: 0.7464
Epoch 3/5
160/160 [==============================] - 28s 176ms/step - loss: 2.0588 - accuracy: 0.7551 - val_loss: 1.9997 - val_accuracy: 0.7549
Epoch 4/5
160/160 [==============================] - 28s 175ms/step - loss: 1.9034 - accuracy: 0.7718 - val_loss: 1.8389 - val_accuracy: 0.7758
Epoch 5/5
160/160 [==============================] - 29s 183ms/step - loss: 1.8075 - accuracy: 0.7812 - val_loss: 1.7722 - val_accuracy: 0.7854
alpha 0.8
[0.7215061187744141, 0.7464064955711365, 0.7548714876174927, 0.7758142352104187, 0.7854060530662537]
[0.6871597170829773, 0.7340874075889587, 0.7550792098045349, 0.7718079686164856, 0.7811983823776245]
 83%|████████████████████████████████████████████████████████████████████████▌              | 5/6 [15:12<02:59, 179.81s/it]Epoch 1/5
160/160 [==============================] - 30s 182ms/step - loss: 0.5730 - accuracy: 0.6924 - val_loss: 0.5338 - val_accuracy: 0.7205
Epoch 2/5
160/160 [==============================] - 29s 179ms/step - loss: 0.5211 - accuracy: 0.7319 - val_loss: 0.4996 - val_accuracy: 0.7426
Epoch 3/5
160/160 [==============================] - 28s 177ms/step - loss: 0.4881 - accuracy: 0.7534 - val_loss: 0.4894 - val_accuracy: 0.7521
Epoch 4/5
160/160 [==============================] - 28s 177ms/step - loss: 0.4641 - accuracy: 0.7693 - val_loss: 0.4824 - val_accuracy: 0.7518
Epoch 5/5
160/160 [==============================] - 30s 185ms/step - loss: 0.4468 - accuracy: 0.7801 - val_loss: 0.4434 - val_accuracy: 0.7795
alpha 1.0
[0.7205166816711426, 0.7426412105560303, 0.7521231174468994, 0.7518208026885986, 0.7794695496559143]
[0.6923542022705078, 0.7318825721740723, 0.7533965706825256, 0.7692702412605286, 0.7801173329353333]